<?xml version="1.0" encoding="UTF-8"?>
<!-- Generated by org.testng.reporters.JUnitReportReporter -->
<testsuite skipped="0" hostname="LAPTOP-FV69J4C7" name="MavenTutorials.MavenLearn.ExtendReportExample" tests="1" failures="0" timestamp="2020-09-02T21:18:52 IST" time="74.492" errors="0">
  <testcase name="BrowserOpening" time="74.492" classname="MavenTutorials.MavenLearn.ExtendReportExample"/>
  <system-out/>
</testsuite> <!-- MavenTutorials.MavenLearn.ExtendReportExample -->
