<?xml version="1.0" encoding="UTF-8"?>
<!-- Generated by org.testng.reporters.JUnitReportReporter -->
<testsuite skipped="0" hostname="LAPTOP-FV69J4C7" name="MavenTutorials.MavenLearn.Demo1Test" tests="2" failures="0" timestamp="2020-09-02T15:56:43 IST" time="82.592" errors="0">
  <testcase name="BrowserOpening" time="82.591" classname="MavenTutorials.MavenLearn.Demo1Test"/>
  <system-out/>
  <testcase name="Demo1" time="0.001" classname="MavenTutorials.MavenLearn.Demo1Test"/>
  <system-out/>
</testsuite> <!-- MavenTutorials.MavenLearn.Demo1Test -->
