<?xml version="1.0" encoding="UTF-8"?>
<!-- Generated by org.testng.reporters.JUnitReportReporter -->
<testsuite skipped="0" hostname="LAPTOP-FV69J4C7" name="MavenTutorials.MavenLearn.Demo2Test" tests="1" failures="0" timestamp="2020-09-02T15:53:41 IST" time="0.007" errors="0">
  <testcase name="Demo2" time="0.007" classname="MavenTutorials.MavenLearn.Demo2Test"/>
  <system-out/>
</testsuite> <!-- MavenTutorials.MavenLearn.Demo2Test -->
